<?xml version="1.0" encoding="UTF-8"?>
<!-- Generated by org.testng.reporters.JUnitReportReporter -->
<testsuite hostname="okb169" failures="0" tests="1" name="test.epam.task1.service.NaturalNumDivTest" time="0.034" errors="0" timestamp="2021-11-25T11:29:22 GMT+03:00" skipped="0">
  <testcase classname="test.epam.task1.service.NaturalNumDivTest" name="divideTest" time="0.034"/>
  <system-out/>
</testsuite> <!-- test.epam.task1.service.NaturalNumDivTest -->
