<?xml version="1.0" encoding="UTF-8"?>
<!-- Generated by org.testng.reporters.JUnitReportReporter -->
<testsuite hostname="okb169" failures="0" tests="1" name="test.epam.task1.ipo.service.GreaterDigitSearchTest" time="0.055" errors="0" timestamp="2021-11-29T11:00:27 GMT+03:00" skipped="0">
  <testcase classname="test.epam.task1.ipo.service.GreaterDigitSearchTest" name="getGreaterDigit" time="0.055"/>
  <system-out/>
</testsuite> <!-- test.epam.task1.ipo.service.GreaterDigitSearchTest -->
