<?xml version="1.0" encoding="UTF-8"?>
<!-- Generated by org.testng.reporters.JUnitReportReporter -->
<testsuite hostname="okb169" failures="0" tests="1" name="test.epam.task1.service.UTFSymbolSearchTest" time="0.023" errors="0" timestamp="2021-11-25T11:37:10 GMT+03:00" skipped="0">
  <testcase classname="test.epam.task1.service.UTFSymbolSearchTest" name="searchSymbolTest" time="0.023"/>
  <system-out/>
</testsuite> <!-- test.epam.task1.service.UTFSymbolSearchTest -->
