<?xml version="1.0" encoding="UTF-8"?>
<!-- Generated by org.testng.reporters.JUnitReportReporter -->
<testsuite hostname="okb169" failures="0" tests="1" name="test.epam.task1.service.ExpressionCalculationTest" time="0.031" errors="0" timestamp="2021-11-25T11:16:59 GMT+03:00" skipped="0">
  <testcase classname="test.epam.task1.service.ExpressionCalculationTest" name="calculateFirstExpressionTest" time="0.031"/>
  <system-out/>
</testsuite> <!-- test.epam.task1.service.ExpressionCalculationTest -->
