<?xml version="1.0" encoding="UTF-8"?>
<!-- Generated by org.testng.reporters.JUnitReportReporter -->
<testsuite hostname="okb169" failures="0" tests="1" name="test.epam.task1.ipo.service.ModuleAccessCheckTest" time="0.025" errors="0" timestamp="2021-11-26T14:58:04 GMT+03:00" skipped="0">
  <testcase classname="test.epam.task1.ipo.service.ModuleAccessCheckTest" name="checkAccessTest" time="0.025"/>
  <system-out/>
</testsuite> <!-- test.epam.task1.ipo.service.ModuleAccessCheckTest -->
