<?xml version="1.0" encoding="UTF-8"?>
<!-- Generated by org.testng.reporters.JUnitReportReporter -->
<testsuite hostname="okb169" failures="0" tests="1" name="test.epam.task1.service.AreaCalculationTest" time="0.036" errors="0" timestamp="2021-11-25T10:22:39 GMT+03:00" skipped="0">
  <testcase classname="test.epam.task1.service.AreaCalculationTest" name="getAnswerTest" time="0.036"/>
  <system-out/>
</testsuite> <!-- test.epam.task1.service.AreaCalculationTest -->
