<?xml version="1.0" encoding="UTF-8"?>
<!-- Generated by org.testng.reporters.JUnitReportReporter -->
<testsuite hostname="okb169" failures="0" tests="1" name="test.epam.task1.ipo.service.DateAndMonthRevealTest" time="0.073" errors="0" timestamp="2021-11-29T08:12:42 GMT+03:00" skipped="0">
  <testcase classname="test.epam.task1.ipo.service.DateAndMonthRevealTest" name="getDateAndMonthTest" time="0.073"/>
  <system-out/>
</testsuite> <!-- test.epam.task1.ipo.service.DateAndMonthRevealTest -->
