<?xml version="1.0" encoding="UTF-8"?>
<!-- Generated by org.testng.reporters.JUnitReportReporter -->
<testsuite hostname="okb169" failures="0" tests="1" name="test.epam.task1.ipo.service.SecondFunctionBuilderTest" time="0.048" errors="0" timestamp="2021-11-29T10:41:42 GMT+03:00" skipped="0">
  <testcase classname="test.epam.task1.ipo.service.SecondFunctionBuilderTest" name="getCoordinates" time="0.048"/>
  <system-out/>
</testsuite> <!-- test.epam.task1.ipo.service.SecondFunctionBuilderTest -->
