<?xml version="1.0" encoding="UTF-8"?>
<!-- Generated by org.testng.reporters.JUnitReportReporter -->
<testsuite hostname="okb169" failures="0" tests="2" name="test.epam.task1.ipo.service.FirstFunctionBuilderTest" time="0.026" errors="0" timestamp="2021-11-30T10:03:39 GMT+03:00" skipped="0">
  <testcase classname="test.epam.task1.ipo.service.FirstFunctionBuilderTest" name="getCoordinatesTest" time="0.010"/>
  <system-out/>
  <testcase classname="test.epam.task1.ipo.service.FirstFunctionBuilderTest" name="getCoordinatesTest" time="0.016"/>
  <system-out/>
</testsuite> <!-- test.epam.task1.ipo.service.FirstFunctionBuilderTest -->
