<?xml version="1.0" encoding="UTF-8"?>
<!-- Generated by org.testng.reporters.JUnitReportReporter -->
<testsuite hostname="okb169" failures="0" tests="2" name="test.epam.task1.ipo.service.FlatteryPhraseTest" time="0.023" errors="0" timestamp="2021-11-30T10:16:15 GMT+03:00" skipped="0">
  <testcase classname="test.epam.task1.ipo.service.FlatteryPhraseTest" name="getPhraseTest" time="0.020"/>
  <system-out/>
  <testcase classname="test.epam.task1.ipo.service.FlatteryPhraseTest" name="getPhraseTest" time="0.003"/>
  <system-out/>
</testsuite> <!-- test.epam.task1.ipo.service.FlatteryPhraseTest -->
