<?xml version="1.0" encoding="UTF-8"?>
<!-- Generated by org.testng.reporters.JUnitReportReporter -->
<testsuite hostname="okb169" failures="0" tests="2" name="test.epam.task1.ipo.service.SecondFunctionBuilderTest" time="0.021" errors="0" timestamp="2021-11-30T11:13:09 GMT+03:00" skipped="0">
  <testcase classname="test.epam.task1.ipo.service.SecondFunctionBuilderTest" name="getCoordinates" time="0.018"/>
  <system-out/>
  <testcase classname="test.epam.task1.ipo.service.SecondFunctionBuilderTest" name="getCoordinates" time="0.003"/>
  <system-out/>
</testsuite> <!-- test.epam.task1.ipo.service.SecondFunctionBuilderTest -->
