<?xml version="1.0" encoding="UTF-8"?>
<!-- Generated by org.testng.reporters.JUnitReportReporter -->
<testsuite hostname="okb169" failures="0" tests="2" name="test.epam.task1.ipo.service.UTFSymbolSearchTest" time="0.019" errors="0" timestamp="2021-11-30T11:32:29 GMT+03:00" skipped="0">
  <testcase classname="test.epam.task1.ipo.service.UTFSymbolSearchTest" name="searchSymbolTest" time="0.016"/>
  <system-out/>
  <testcase classname="test.epam.task1.ipo.service.UTFSymbolSearchTest" name="searchSymbolTest" time="0.003"/>
  <system-out/>
</testsuite> <!-- test.epam.task1.ipo.service.UTFSymbolSearchTest -->
