<?xml version="1.0" encoding="UTF-8"?>
<!-- Generated by org.testng.reporters.JUnitReportReporter -->
<testsuite hostname="okb169" failures="0" tests="3" name="test.epam.task1.ipo.service.ExpressionCalculationTest" time="0.032" errors="0" timestamp="2021-11-30T09:37:28 GMT+03:00" skipped="0">
  <testcase classname="test.epam.task1.ipo.service.ExpressionCalculationTest" name="calculateSquareExpressionAbsTest" time="0.017"/>
  <system-out/>
  <testcase classname="test.epam.task1.ipo.service.ExpressionCalculationTest" name="calculateSquareExpressionAbsTest" time="0.006"/>
  <system-out/>
  <testcase classname="test.epam.task1.ipo.service.ExpressionCalculationTest" name="calculateSquareExpressionAbsTest" time="0.009"/>
  <system-out/>
</testsuite> <!-- test.epam.task1.ipo.service.ExpressionCalculationTest -->
