<?xml version="1.0" encoding="UTF-8"?>
<!-- Generated by org.testng.reporters.JUnitReportReporter -->
<testsuite hostname="okb169" failures="0" tests="4" name="test.epam.task1.ipo.service.DateAndMonthRevealTest" time="0.050" errors="0" timestamp="2021-11-30T09:02:08 GMT+03:00" skipped="0">
  <testcase classname="test.epam.task1.ipo.service.DateAndMonthRevealTest" name="getDateAndMonthTest" time="0.028"/>
  <system-out/>
  <testcase classname="test.epam.task1.ipo.service.DateAndMonthRevealTest" name="getDateAndMonthTest" time="0.019"/>
  <system-out/>
  <testcase classname="test.epam.task1.ipo.service.DateAndMonthRevealTest" name="getDateAndMonthTest" time="0.002"/>
  <system-out/>
  <testcase classname="test.epam.task1.ipo.service.DateAndMonthRevealTest" name="getDateAndMonthTest" time="0.001"/>
  <system-out/>
</testsuite> <!-- test.epam.task1.ipo.service.DateAndMonthRevealTest -->
