<?xml version="1.0" encoding="UTF-8"?>
<!-- Generated by org.testng.reporters.JUnitReportReporter -->
<testsuite hostname="okb169" failures="0" tests="2" name="test.ipo.task1.service.NumberOfEvenDigitsTest" time="0.020" errors="0" timestamp="2021-12-07T14:50:57 GMT+03:00" skipped="0">
  <testcase classname="test.ipo.task1.service.NumberOfEvenDigitsTest" name="getQuantityTestWrong" time="0.018"/>
  <system-out/>
  <testcase classname="test.ipo.task1.service.NumberOfEvenDigitsTest" name="getQuantityTestWrong" time="0.002"/>
  <system-out/>
</testsuite> <!-- test.ipo.task1.service.NumberOfEvenDigitsTest -->
