<?xml version="1.0" encoding="UTF-8"?>
<!-- Generated by org.testng.reporters.JUnitReportReporter -->
<testsuite hostname="okb169" failures="0" tests="4" name="test.ipo.task1.service.ModuleAccessCheckTest" time="0.055" errors="0" timestamp="2021-12-07T09:03:01 GMT+03:00" skipped="0">
  <testcase classname="test.ipo.task1.service.ModuleAccessCheckTest" name="checkAccessTest" time="0.037"/>
  <system-out/>
  <testcase classname="test.ipo.task1.service.ModuleAccessCheckTest" name="checkAccessTest" time="0.005"/>
  <system-out/>
  <testcase classname="test.ipo.task1.service.ModuleAccessCheckTest" name="checkAccessTest" time="0.004"/>
  <system-out/>
  <testcase classname="test.ipo.task1.service.ModuleAccessCheckTest" name="checkAccessTest" time="0.009"/>
  <system-out/>
</testsuite> <!-- test.ipo.task1.service.ModuleAccessCheckTest -->
