<?xml version="1.0" encoding="UTF-8"?>
<!-- Generated by org.testng.reporters.JUnitReportReporter -->
<testsuite hostname="okb169" failures="0" tests="2" name="test.ipo.task1.service.FlatteryPhraseTest" time="0.021" errors="0" timestamp="2021-12-08T09:27:30 GMT+03:00" skipped="0">
  <testcase classname="test.ipo.task1.service.FlatteryPhraseTest" name="getPhraseWrongTest" time="0.018"/>
  <system-out/>
  <testcase classname="test.ipo.task1.service.FlatteryPhraseTest" name="getPhraseWrongTest" time="0.003"/>
  <system-out/>
</testsuite> <!-- test.ipo.task1.service.FlatteryPhraseTest -->
