<?xml version="1.0" encoding="UTF-8"?>
<!-- Generated by org.testng.reporters.JUnitReportReporter -->
<testsuite hostname="DESKTOP-DJEUL1P" failures="0" tests="5" name="test.epam.task1.ipo.service.SumOfSquaresTest" time="0.007" errors="0" timestamp="2021-12-04T09:53:52 MSK" skipped="0">
  <testcase classname="test.epam.task1.ipo.service.SumOfSquaresTest" name="getSumTest" time="0.001"/>
  <system-out/>
  <testcase classname="test.epam.task1.ipo.service.SumOfSquaresTest" name="getSumTest" time="0.001"/>
  <system-out/>
  <testcase classname="test.epam.task1.ipo.service.SumOfSquaresTest" name="getSumTest" time="0.004"/>
  <system-out/>
  <testcase classname="test.epam.task1.ipo.service.SumOfSquaresTest" name="getSumTest" time="0.000"/>
  <system-out/>
  <testcase classname="test.epam.task1.ipo.service.SumOfSquaresTest" name="getSumTest" time="0.001"/>
  <system-out/>
</testsuite> <!-- test.epam.task1.ipo.service.SumOfSquaresTest -->
