<?xml version="1.0" encoding="UTF-8"?>
<!-- Generated by org.testng.reporters.JUnitReportReporter -->
<testsuite hostname="okb169" failures="0" tests="4" name="test.ipo.task1.service.GreaterDigitSearchTest" time="0.072" errors="0" timestamp="2021-12-08T14:38:43 GMT+03:00" skipped="0">
  <testcase classname="test.ipo.task1.service.GreaterDigitSearchTest" name="getGreaterDigit" time="0.065"/>
  <system-out/>
  <testcase classname="test.ipo.task1.service.GreaterDigitSearchTest" name="getGreaterDigit" time="0.004"/>
  <system-out/>
  <testcase classname="test.ipo.task1.service.GreaterDigitSearchTest" name="getGreaterDigit" time="0.002"/>
  <system-out/>
  <testcase classname="test.ipo.task1.service.GreaterDigitSearchTest" name="getGreaterDigit" time="0.001"/>
  <system-out/>
</testsuite> <!-- test.ipo.task1.service.GreaterDigitSearchTest -->
