<?xml version="1.0" encoding="UTF-8"?>
<!-- Generated by org.testng.reporters.JUnitReportReporter -->
<testsuite hostname="DESKTOP-DJEUL1P" failures="0" tests="5" name="test.epam.task1.ipo.service.DecimalNumTurnerTest" time="0.009" errors="0" timestamp="2021-12-04T08:33:23 MSK" skipped="0">
  <testcase classname="test.epam.task1.ipo.service.DecimalNumTurnerTest" name="turnTest" time="0.005"/>
  <system-out/>
  <testcase classname="test.epam.task1.ipo.service.DecimalNumTurnerTest" name="turnTest" time="0.001"/>
  <system-out/>
  <testcase classname="test.epam.task1.ipo.service.DecimalNumTurnerTest" name="turnTest" time="0.001"/>
  <system-out/>
  <testcase classname="test.epam.task1.ipo.service.DecimalNumTurnerTest" name="turnTest" time="0.001"/>
  <system-out/>
  <testcase classname="test.epam.task1.ipo.service.DecimalNumTurnerTest" name="turnTest" time="0.001"/>
  <system-out/>
</testsuite> <!-- test.epam.task1.ipo.service.DecimalNumTurnerTest -->
