<?xml version="1.0" encoding="UTF-8"?>
<!-- Generated by org.testng.reporters.JUnitReportReporter -->
<testsuite hostname="DESKTOP-DJEUL1P" failures="0" tests="6" name="test.epam.task1.ipo.service.FirstFunctionBuilderTest" time="0.010" errors="0" timestamp="2021-12-04T08:57:47 MSK" skipped="0">
  <testcase classname="test.epam.task1.ipo.service.FirstFunctionBuilderTest" name="getCoordinatesTest" time="0.001"/>
  <system-out/>
  <testcase classname="test.epam.task1.ipo.service.FirstFunctionBuilderTest" name="getCoordinatesTest" time="0.001"/>
  <system-out/>
  <testcase classname="test.epam.task1.ipo.service.FirstFunctionBuilderTest" name="getCoordinatesTest" time="0.001"/>
  <system-out/>
  <testcase classname="test.epam.task1.ipo.service.FirstFunctionBuilderTest" name="getCoordinatesTest" time="0.001"/>
  <system-out/>
  <testcase classname="test.epam.task1.ipo.service.FirstFunctionBuilderTest" name="getCoordinatesTest" time="0.001"/>
  <system-out/>
  <testcase classname="test.epam.task1.ipo.service.FirstFunctionBuilderTest" name="getCoordinatesTest" time="0.005"/>
  <system-out/>
</testsuite> <!-- test.epam.task1.ipo.service.FirstFunctionBuilderTest -->
