<?xml version="1.0" encoding="UTF-8"?>
<!-- Generated by org.testng.reporters.JUnitReportReporter -->
<testsuite hostname="DESKTOP-DJEUL1P" failures="0" tests="8" name="test.epam.task1.ipo.service.NaturalNumDivTest" time="0.011" errors="0" timestamp="2021-12-04T09:43:05 MSK" skipped="0">
  <testcase classname="test.epam.task1.ipo.service.NaturalNumDivTest" name="divideTest" time="0.001"/>
  <system-out/>
  <testcase classname="test.epam.task1.ipo.service.NaturalNumDivTest" name="divideTest" time="0.001"/>
  <system-out/>
  <testcase classname="test.epam.task1.ipo.service.NaturalNumDivTest" name="divideTest" time="0.001"/>
  <system-out/>
  <testcase classname="test.epam.task1.ipo.service.NaturalNumDivTest" name="divideTest" time="0.001"/>
  <system-out/>
  <testcase classname="test.epam.task1.ipo.service.NaturalNumDivTest" name="divideTest" time="0.001"/>
  <system-out/>
  <testcase classname="test.epam.task1.ipo.service.NaturalNumDivTest" name="divideTest" time="0.001"/>
  <system-out/>
  <testcase classname="test.epam.task1.ipo.service.NaturalNumDivTest" name="divideTest" time="0.001"/>
  <system-out/>
  <testcase classname="test.epam.task1.ipo.service.NaturalNumDivTest" name="divideTest" time="0.004"/>
  <system-out/>
</testsuite> <!-- test.epam.task1.ipo.service.NaturalNumDivTest -->
