<?xml version="1.0" encoding="UTF-8"?>
<!-- Generated by org.testng.reporters.JUnitReportReporter -->
<testsuite hostname="okb169" failures="0" tests="1" name="test.epam.task1.ipo.service.BuildFirstFunctionTest" time="0.043" errors="0" timestamp="2021-11-29T08:51:02 GMT+03:00" skipped="0">
  <testcase classname="test.epam.task1.ipo.service.BuildFirstFunctionTest" name="getCoordinatesTest" time="0.043"/>
  <system-out/>
</testsuite> <!-- test.epam.task1.ipo.service.BuildFirstFunctionTest -->
