<?xml version="1.0" encoding="UTF-8"?>
<!-- Generated by org.testng.reporters.JUnitReportReporter -->
<testsuite hostname="DESKTOP-DJEUL1P" failures="0" tests="6" name="test.epam.task1.ipo.service.NumberOfEvenDigitsTest" time="0.004" errors="0" timestamp="2021-12-04T09:47:31 MSK" skipped="0">
  <testcase classname="test.epam.task1.ipo.service.NumberOfEvenDigitsTest" name="getQuantityTest" time="0.000"/>
  <system-out/>
  <testcase classname="test.epam.task1.ipo.service.NumberOfEvenDigitsTest" name="getQuantityTest" time="0.000"/>
  <system-out/>
  <testcase classname="test.epam.task1.ipo.service.NumberOfEvenDigitsTest" name="getQuantityTest" time="0.004"/>
  <system-out/>
  <testcase classname="test.epam.task1.ipo.service.NumberOfEvenDigitsTest" name="getQuantityTest" time="0.000"/>
  <system-out/>
  <testcase classname="test.epam.task1.ipo.service.NumberOfEvenDigitsTest" name="getQuantityTest" time="0.000"/>
  <system-out/>
  <testcase classname="test.epam.task1.ipo.service.NumberOfEvenDigitsTest" name="getQuantityTest" time="0.000"/>
  <system-out/>
</testsuite> <!-- test.epam.task1.ipo.service.NumberOfEvenDigitsTest -->
