<?xml version="1.0" encoding="UTF-8"?>
<!-- Generated by org.testng.reporters.JUnitReportReporter -->
<testsuite hostname="okb169" failures="0" tests="4" name="test.epam.task1.ipo.service.ModuleAccessCheckTest" time="0.038" errors="0" timestamp="2021-11-30T10:48:06 GMT+03:00" skipped="0">
  <testcase classname="test.epam.task1.ipo.service.ModuleAccessCheckTest" name="checkAccessTest" time="0.013"/>
  <system-out/>
  <testcase classname="test.epam.task1.ipo.service.ModuleAccessCheckTest" name="checkAccessTest" time="0.016"/>
  <system-out/>
  <testcase classname="test.epam.task1.ipo.service.ModuleAccessCheckTest" name="checkAccessTest" time="0.002"/>
  <system-out/>
  <testcase classname="test.epam.task1.ipo.service.ModuleAccessCheckTest" name="checkAccessTest" time="0.007"/>
  <system-out/>
</testsuite> <!-- test.epam.task1.ipo.service.ModuleAccessCheckTest -->
