<?xml version="1.0" encoding="UTF-8"?>
<!-- Generated by org.testng.reporters.JUnitReportReporter -->
<testsuite hostname="DESKTOP-DJEUL1P" failures="0" tests="7" name="test.epam.task1.ipo.service.SwapVariablesTest" time="0.008" errors="0" timestamp="2021-12-05T09:36:15 MSK" skipped="0">
  <testcase classname="test.epam.task1.ipo.service.SwapVariablesTest" name="swapSecoThirdWay" time="0.000"/>
  <system-out/>
  <testcase classname="test.epam.task1.ipo.service.SwapVariablesTest" name="swapSecoThirdWay" time="0.000"/>
  <system-out/>
  <testcase classname="test.epam.task1.ipo.service.SwapVariablesTest" name="swapSecoThirdWay" time="0.005"/>
  <system-out/>
  <testcase classname="test.epam.task1.ipo.service.SwapVariablesTest" name="swapSecoThirdWay" time="0.001"/>
  <system-out/>
  <testcase classname="test.epam.task1.ipo.service.SwapVariablesTest" name="swapSecoThirdWay" time="0.001"/>
  <system-out/>
  <testcase classname="test.epam.task1.ipo.service.SwapVariablesTest" name="swapSecoThirdWay" time="0.001"/>
  <system-out/>
  <testcase classname="test.epam.task1.ipo.service.SwapVariablesTest" name="swapSecoThirdWay" time="0.000"/>
  <system-out/>
</testsuite> <!-- test.epam.task1.ipo.service.SwapVariablesTest -->
