<?xml version="1.0" encoding="UTF-8"?>
<!-- Generated by org.testng.reporters.JUnitReportReporter -->
<testsuite hostname="DESKTOP-DJEUL1P" failures="0" tests="5" name="test.epam.task1.ipo.service.SecondFunctionBuilderTest" time="0.008" errors="0" timestamp="2021-12-04T09:51:06 MSK" skipped="0">
  <testcase classname="test.epam.task1.ipo.service.SecondFunctionBuilderTest" name="getCoordinates" time="0.005"/>
  <system-out/>
  <testcase classname="test.epam.task1.ipo.service.SecondFunctionBuilderTest" name="getCoordinates" time="0.001"/>
  <system-out/>
  <testcase classname="test.epam.task1.ipo.service.SecondFunctionBuilderTest" name="getCoordinates" time="0.000"/>
  <system-out/>
  <testcase classname="test.epam.task1.ipo.service.SecondFunctionBuilderTest" name="getCoordinates" time="0.001"/>
  <system-out/>
  <testcase classname="test.epam.task1.ipo.service.SecondFunctionBuilderTest" name="getCoordinates" time="0.001"/>
  <system-out/>
</testsuite> <!-- test.epam.task1.ipo.service.SecondFunctionBuilderTest -->
