<?xml version="1.0" encoding="UTF-8"?>
<!-- Generated by org.testng.reporters.JUnitReportReporter -->
<testsuite hostname="okb169" failures="0" tests="3" name="test.ipo.task1.service.DecimalNumTurnerTest" time="0.018" errors="0" timestamp="2021-12-07T13:36:13 GMT+03:00" skipped="0">
  <testcase classname="test.ipo.task1.service.DecimalNumTurnerTest" name="turnTestWrong" time="0.014"/>
  <system-out/>
  <testcase classname="test.ipo.task1.service.DecimalNumTurnerTest" name="turnTestWrong" time="0.002"/>
  <system-out/>
  <testcase classname="test.ipo.task1.service.DecimalNumTurnerTest" name="turnTestWrong" time="0.002"/>
  <system-out/>
</testsuite> <!-- test.ipo.task1.service.DecimalNumTurnerTest -->
